nohup: ignoring input
Found 5 datasets. Generating 10 pairwise intersection tasks.
Launching PAIR 1/10: ANIMALS vs COLORS in background...
Launching PAIR 2/10: ANIMALS vs FRUITS in background...
Launching PAIR 3/10: ANIMALS vs METALS in background...
Launching PAIR 4/10: ANIMALS vs VEHICLES in background...
Launching PAIR 5/10: COLORS vs FRUITS in background...
Launching PAIR 6/10: COLORS vs METALS in background...
Launching PAIR 7/10: COLORS vs VEHICLES in background...
Launching PAIR 8/10: FRUITS vs METALS in background...
Launching PAIR 9/10: FRUITS vs VEHICLES in background...
Launching PAIR 10/10: METALS vs VEHICLES in background...

All 10 processes launched concurrently! Waiting for them to finish...
SUCCESS: animals vs colors finished successfully.
SUCCESS: animals vs fruits finished successfully.
SUCCESS: animals vs metals finished successfully.
SUCCESS: animals vs vehicles finished successfully.
SUCCESS: colors vs fruits finished successfully.
SUCCESS: colors vs metals finished successfully.
SUCCESS: colors vs vehicles finished successfully.
SUCCESS: fruits vs metals finished successfully.
SUCCESS: fruits vs vehicles finished successfully.
SUCCESS: metals vs vehicles finished successfully.

All batch pairwise intersections completed!
